0 info it worked if it ends with ok
1 verbose cli [ '/usr/local/Cellar/node/6.2.1/bin/node',
1 verbose cli   '/Users/Sam/.node/bin/npm',
1 verbose cli   'unpublish',
1 verbose cli   'node-youtube-dash-sidx',
1 verbose cli   '--force' ]
2 info using npm@3.6.0
3 info using node@v6.2.1
4 warn using --force I sure hope you know what you are doing.
5 silly unpublish args[0] node-youtube-dash-sidx
6 silly unpublish thing Result {
6 silly unpublish   raw: 'node-youtube-dash-sidx',
6 silly unpublish   scope: null,
6 silly unpublish   name: 'node-youtube-dash-sidx',
6 silly unpublish   rawSpec: '',
6 silly unpublish   spec: 'latest',
6 silly unpublish   type: 'tag' }
7 verbose getPublishConfig null
8 silly ls normalized node-youtube-dash-sidx
9 silly gentlyRm /Users/Sam/.npm/node-youtube-dash-sidx is being purged
10 verbose gentlyRm don't care about contents; nuking /Users/Sam/.npm/node-youtube-dash-sidx
11 silly vacuum-fs purging /Users/Sam/.npm/node-youtube-dash-sidx
12 silly vacuum-fs quitting because other entries in /Users/Sam/.npm
13 silly mapToRegistry name node-youtube-dash-sidx
14 silly mapToRegistry using default registry
15 silly mapToRegistry registry https://registry.npmjs.org/
16 silly mapToRegistry uri https://registry.npmjs.org/node-youtube-dash-sidx
17 verbose get GET as part of write; not caching result
18 verbose request uri https://registry.npmjs.org/node-youtube-dash-sidx?write=true
19 verbose request no auth needed
20 info attempt registry request try #1 at 7:38:04 PM
21 verbose request using bearer token for auth
22 verbose request id 4260879859c44d40
23 http request GET https://registry.npmjs.org/node-youtube-dash-sidx?write=true
24 http 200 https://registry.npmjs.org/node-youtube-dash-sidx?write=true
25 verbose headers { server: 'CouchDB/1.6.1 (Erlang OTP/R16B03)',
25 verbose headers   etag: '"11VBNUPKK446Y8QSLADEFTLYH"',
25 verbose headers   'content-type': 'application/json',
25 verbose headers   'content-encoding': 'gzip',
25 verbose headers   'cache-control': 'max-age=0',
25 verbose headers   'transfer-encoding': 'chunked',
25 verbose headers   'accept-ranges': 'bytes',
25 verbose headers   date: 'Tue, 19 Jul 2016 18:38:05 GMT',
25 verbose headers   via: '1.1 varnish',
25 verbose headers   connection: 'keep-alive',
25 verbose headers   'x-served-by': 'cache-lhr6320-LHR',
25 verbose headers   'x-cache': 'MISS',
25 verbose headers   'x-cache-hits': '0',
25 verbose headers   'x-timer': 'S1468953484.886974,VS0,VE327',
25 verbose headers   vary: 'Accept-Encoding' }
26 silly get cb [ 200,
26 silly get   { server: 'CouchDB/1.6.1 (Erlang OTP/R16B03)',
26 silly get     etag: '"11VBNUPKK446Y8QSLADEFTLYH"',
26 silly get     'content-type': 'application/json',
26 silly get     'content-encoding': 'gzip',
26 silly get     'cache-control': 'max-age=0',
26 silly get     'transfer-encoding': 'chunked',
26 silly get     'accept-ranges': 'bytes',
26 silly get     date: 'Tue, 19 Jul 2016 18:38:05 GMT',
26 silly get     via: '1.1 varnish',
26 silly get     connection: 'keep-alive',
26 silly get     'x-served-by': 'cache-lhr6320-LHR',
26 silly get     'x-cache': 'MISS',
26 silly get     'x-cache-hits': '0',
26 silly get     'x-timer': 'S1468953484.886974,VS0,VE327',
26 silly get     vary: 'Accept-Encoding' } ]
27 verbose get saving node-youtube-dash-sidx to /Users/Sam/.npm/registry.npmjs.org/node-youtube-dash-sidx_3Fwrite_3Dtrue/.cache.json
28 verbose correctMkdir /Users/Sam/.npm correctMkdir not in flight; initializing
29 info unpublish No version specified, removing all
30 verbose request uri https://registry.npmjs.org/node-youtube-dash-sidx/-rev/7-c685756735c2717a60b59a0b461faefa
31 verbose request sending authorization for write operation
32 info attempt registry request try #1 at 7:38:04 PM
33 verbose request using bearer token for auth
34 http request DELETE https://registry.npmjs.org/node-youtube-dash-sidx/-rev/7-c685756735c2717a60b59a0b461faefa
35 http 400 https://registry.npmjs.org/node-youtube-dash-sidx/-rev/7-c685756735c2717a60b59a0b461faefa
36 verbose headers { 'content-type': 'application/json',
36 verbose headers   'cache-control': 'max-age=300',
36 verbose headers   'content-length': '17',
36 verbose headers   'accept-ranges': 'bytes',
36 verbose headers   date: 'Tue, 19 Jul 2016 18:38:05 GMT',
36 verbose headers   via: '1.1 varnish',
36 verbose headers   connection: 'keep-alive',
36 verbose headers   'x-served-by': 'cache-lhr6320-LHR',
36 verbose headers   'x-cache': 'MISS',
36 verbose headers   'x-cache-hits': '0',
36 verbose headers   'x-timer': 'S1468953485.274041,VS0,VE536',
36 verbose headers   vary: 'Accept-Encoding' }
37 verbose request invalidating /Users/Sam/.npm/registry.npmjs.org/node-youtube-dash-sidx on DELETE
38 verbose stack Error: Registry returned 400 for DELETE on https://registry.npmjs.org/node-youtube-dash-sidx/-rev/7-c685756735c2717a60b59a0b461faefa
38 verbose stack     at makeError (/Users/Sam/.node/lib/node_modules/npm/node_modules/npm-registry-client/lib/request.js:264:12)
38 verbose stack     at CachingRegistryClient.<anonymous> (/Users/Sam/.node/lib/node_modules/npm/node_modules/npm-registry-client/lib/request.js:242:14)
38 verbose stack     at Request._callback (/Users/Sam/.node/lib/node_modules/npm/node_modules/npm-registry-client/lib/request.js:172:14)
38 verbose stack     at Request.self.callback (/Users/Sam/.node/lib/node_modules/npm/node_modules/request/request.js:198:22)
38 verbose stack     at emitTwo (events.js:106:13)
38 verbose stack     at Request.emit (events.js:191:7)
38 verbose stack     at Request.<anonymous> (/Users/Sam/.node/lib/node_modules/npm/node_modules/request/request.js:1035:10)
38 verbose stack     at emitOne (events.js:101:20)
38 verbose stack     at Request.emit (events.js:188:7)
38 verbose stack     at IncomingMessage.<anonymous> (/Users/Sam/.node/lib/node_modules/npm/node_modules/request/request.js:962:12)
39 verbose statusCode 400
40 verbose pkgid node-youtube-dash-sidx
41 verbose cwd /Volumes/Fatboy/Work/github/node-youtube-dash-sidx
42 error Darwin 13.4.0
43 error argv "/usr/local/Cellar/node/6.2.1/bin/node" "/Users/Sam/.node/bin/npm" "unpublish" "node-youtube-dash-sidx" "--force"
44 error node v6.2.1
45 error npm  v3.6.0
46 error code E400
47 error Registry returned 400 for DELETE on https://registry.npmjs.org/node-youtube-dash-sidx/-rev/7-c685756735c2717a60b59a0b461faefa
48 error If you need help, you may report this error at:
48 error     <https://github.com/npm/npm/issues>
49 verbose exit [ 1, true ]
